<?xml version="1.0" encoding="UTF-8"?>
<!-- Generated by org.testng.reporters.JUnitXMLReporter -->
<testsuite ignored="0" hostname="Himani" failures="0" tests="4" name="RegressionTest" time="43.566" errors="0" timestamp="2022-12-29T20:34:55 IST">
  <testcase classname="ai.ds.testLayer.LoginPageTest" name="verifyLoginTest" time="3.011"/>
  <testcase classname="ai.ds.testLayer.PortfolioPageTest" name="getSpecificData" time="0.767"/>
  <testcase classname="ai.ds.testLayer.BuyFuntionality" name="verifyBuyFuntionality" time="4.797"/>
  <testcase classname="ai.ds.testLayer.BuyFuntionality" name="verifyBuyFuntionalityWithIntraday" time="5.828"/>
</testsuite> <!-- RegressionTest -->
